<?xml version="1.0" encoding="UTF-8"?>
<!-- Generated by org.testng.reporters.JUnitReportReporter -->
<testsuite hostname="selenium-test" name="com.google.tests.GoogleHomePageTest" tests="1" failures="0" timestamp="5 Aug 2019 16:25:32 GMT" time="0.874" errors="0">
  <testcase name="verifyGooglePageTittle" time="0.874" classname="com.google.tests.GoogleHomePageTest"/>
</testsuite> <!-- com.google.tests.GoogleHomePageTest -->
