<?xml version="1.0" encoding="UTF-8"?>
<!-- Generated by org.testng.reporters.JUnitReportReporter -->
<testsuite hostname="selenium-test" name="com.google.tests.GoogleHomePageTest" tests="1" failures="0" timestamp="6 Aug 2019 06:48:16 GMT" time="0.509" errors="0">
  <testcase name="verifyGooglePageTittle" time="0.509" classname="com.google.tests.GoogleHomePageTest"/>
</testsuite> <!-- com.google.tests.GoogleHomePageTest -->
