<?xml version="1.0" encoding="UTF-8"?>
<!-- Generated by org.testng.reporters.JUnitReportReporter -->
<testsuite hostname="selenium-test" name="com.google.tests.GoogleHomePageTest" tests="1" failures="0" timestamp="6 Aug 2019 07:30:33 GMT" time="1.125" errors="0">
  <testcase name="verifyGooglePageTittle" time="1.125" classname="com.google.tests.GoogleHomePageTest"/>
</testsuite> <!-- com.google.tests.GoogleHomePageTest -->
